This is pdfTeX, Version 3.14159265-2.6-1.40.20 (MiKTeX 2.9.7250 64-bit) (preloaded format=pdflatex 2019.11.19)  5 DEC 2019 13:28
entering extended mode
**"c:/Users/Mathe/Documents/Master Studium/Semester III/Printed Interfaces/project/documentation/doc.tex"
("c:/Users/Mathe/Documents/Master Studium/Semester III/Printed Interfaces/project/documentation/doc.tex"
LaTeX2e <2019-10-01> patch level 3
("C:\Users\Mathe\AppData\Local\Programs\MiKTeX 2.9\tex/latex/base\article.cls"
Document Class: article 2019/10/25 v1.4k Standard LaTeX document class
("C:\Users\Mathe\AppData\Local\Programs\MiKTeX 2.9\tex/latex/base\size12.clo"
File: size12.clo 2019/10/25 v1.4k Standard LaTeX file (size option)
)
\c@part=\count80
\c@section=\count81
\c@subsection=\count82
\c@subsubsection=\count83
\c@paragraph=\count84
\c@subparagraph=\count85
\c@figure=\count86
\c@table=\count87
\abovecaptionskip=\skip41
\belowcaptionskip=\skip42
\bibindent=\dimen102
) ("C:\Users\Mathe\AppData\Local\Programs\MiKTeX 2.9\tex/latex/datetime\datetime.sty"
Package: datetime 2015/03/20 v2.60 Date Time Package
 ("C:\Users\Mathe\AppData\Local\Programs\MiKTeX 2.9\tex/latex/etoolbox\etoolbox.sty"
Package: etoolbox 2019/09/21 v2.5h e-TeX tools for LaTeX (JAW)
\etb@tempcnta=\count88
) ("C:\Users\Mathe\AppData\Local\Programs\MiKTeX 2.9\tex/latex/fmtcount\fmtcount.sty"
Package: fmtcount 2017/12/24 v3.05
 ("C:\Users\Mathe\AppData\Local\Programs\MiKTeX 2.9\tex/latex/base\ifthen.sty"
Package: ifthen 2014/09/29 v1.1c Standard LaTeX ifthen package (DPC)
) ("C:\Users\Mathe\AppData\Local\Programs\MiKTeX 2.9\tex/latex/xkeyval\xkeyval.sty"
Package: xkeyval 2014/12/03 v2.7a package option processing (HA)
 ("C:\Users\Mathe\AppData\Local\Programs\MiKTeX 2.9\tex/generic/xkeyval\xkeyval.tex" ("C:\Users\Mathe\AppData\Local\Programs\MiKTeX 2.9\tex/generic/xkeyval\xkvutils.tex"
\XKV@toks=\toks14
\XKV@tempa@toks=\toks15
 ("C:\Users\Mathe\AppData\Local\Programs\MiKTeX 2.9\tex/generic/xkeyval\keyval.tex"))
\XKV@depth=\count89
File: xkeyval.tex 2014/12/03 v2.7a key=value parser (HA)
)) ("C:\Users\Mathe\AppData\Local\Programs\MiKTeX 2.9\tex/latex/fmtcount\fcprefix.sty"
Package: fcprefix 2012/09/28
 ("C:\Users\Mathe\AppData\Local\Programs\MiKTeX 2.9\tex/latex/fmtcount\fcnumparser.sty"
Package: fcnumparser 2017/06/15
\fc@digit@counter=\count90
)) ("C:\Users\Mathe\AppData\Local\Programs\MiKTeX 2.9\tex/latex/amsmath\amsgen.sty"
File: amsgen.sty 1999/11/30 v2.0 generic functions
\@emptytoks=\toks16
\ex@=\dimen103
)
\c@padzeroesN=\count91
\fc@tmpcatcode=\count92
\@DT@modctr=\count93
\@ordinalctr=\count94
\@orgargctr=\count95
\@strctr=\count96
\@tmpstrctr=\count97
\@DT@loopN=\count98
\@DT@X=\count99
) ("C:\Users\Mathe\AppData\Local\Programs\MiKTeX 2.9\tex/latex/datetime\datetime-defaults.sty"
Package: datetime-defaults 2013/09/10
)
\@day=\count100
\@month=\count101
\@year=\count102
\c@HOUR=\count103
\c@HOURXII=\count104
\c@MINUTE=\count105
\c@TOHOUR=\count106
\c@TOMINUTE=\count107
\c@SECOND=\count108
\currenthour=\count109
\currentminute=\count110
\currentsecond=\count111
Package datetime Info: No datetime.cfg file found, using default settings on input line 308.
\@dtctr=\count112
\dayofyear=\count113
\dayofweek=\count114
LaTeX Info: Redefining \today on input line 736.
\dt@a=\toks17
\dt@b=\toks18
) ("C:\Users\Mathe\AppData\Local\Programs\MiKTeX 2.9\tex/latex/graphics\graphicx.sty"
Package: graphicx 2017/06/01 v1.1a Enhanced LaTeX Graphics (DPC,SPQR)
 ("C:\Users\Mathe\AppData\Local\Programs\MiKTeX 2.9\tex/latex/graphics\graphics.sty"
Package: graphics 2019/11/01 v1.3d Standard LaTeX Graphics (DPC,SPQR)
 ("C:\Users\Mathe\AppData\Local\Programs\MiKTeX 2.9\tex/latex/graphics\trig.sty"
Package: trig 2016/01/03 v1.10 sin cos tan (DPC)
) ("C:\Users\Mathe\AppData\Local\Programs\MiKTeX 2.9\tex/latex/graphics-cfg\graphics.cfg"
File: graphics.cfg 2016/06/04 v1.11 sample graphics configuration
)
Package graphics Info: Driver file: pdftex.def on input line 105.
 ("C:\Users\Mathe\AppData\Local\Programs\MiKTeX 2.9\tex/latex/graphics-def\pdftex.def"
File: pdftex.def 2018/01/08 v1.0l Graphics/color driver for pdftex
))
\Gin@req@height=\dimen104
\Gin@req@width=\dimen105
) ("C:\Users\Mathe\AppData\Local\Programs\MiKTeX 2.9\tex/latex/psnfss\mathptmx.sty"
Package: mathptmx 2005/04/12 PSNFSS-v9.2a Times w/ Math, improved (SPQR, WaS) 
LaTeX Font Info:    Redeclaring symbol font `operators' on input line 28.
LaTeX Font Info:    Overwriting symbol font `operators' in version `normal'
(Font)                  OT1/cmr/m/n --> OT1/ztmcm/m/n on input line 28.
LaTeX Font Info:    Overwriting symbol font `operators' in version `bold'
(Font)                  OT1/cmr/bx/n --> OT1/ztmcm/m/n on input line 28.
LaTeX Font Info:    Redeclaring symbol font `letters' on input line 29.
LaTeX Font Info:    Overwriting symbol font `letters' in version `normal'
(Font)                  OML/cmm/m/it --> OML/ztmcm/m/it on input line 29.
LaTeX Font Info:    Overwriting symbol font `letters' in version `bold'
(Font)                  OML/cmm/b/it --> OML/ztmcm/m/it on input line 29.
LaTeX Font Info:    Redeclaring symbol font `symbols' on input line 30.
LaTeX Font Info:    Overwriting symbol font `symbols' in version `normal'
(Font)                  OMS/cmsy/m/n --> OMS/ztmcm/m/n on input line 30.
LaTeX Font Info:    Overwriting symbol font `symbols' in version `bold'
(Font)                  OMS/cmsy/b/n --> OMS/ztmcm/m/n on input line 30.
LaTeX Font Info:    Redeclaring symbol font `largesymbols' on input line 31.
LaTeX Font Info:    Overwriting symbol font `largesymbols' in version `normal'
(Font)                  OMX/cmex/m/n --> OMX/ztmcm/m/n on input line 31.
LaTeX Font Info:    Overwriting symbol font `largesymbols' in version `bold'
(Font)                  OMX/cmex/m/n --> OMX/ztmcm/m/n on input line 31.
\symbold=\mathgroup4
\symitalic=\mathgroup5
LaTeX Font Info:    Redeclaring math alphabet \mathbf on input line 34.
LaTeX Font Info:    Overwriting math alphabet `\mathbf' in version `normal'
(Font)                  OT1/cmr/bx/n --> OT1/ptm/bx/n on input line 34.
LaTeX Font Info:    Overwriting math alphabet `\mathbf' in version `bold'
(Font)                  OT1/cmr/bx/n --> OT1/ptm/bx/n on input line 34.
LaTeX Font Info:    Redeclaring math alphabet \mathit on input line 35.
LaTeX Font Info:    Overwriting math alphabet `\mathit' in version `normal'
(Font)                  OT1/cmr/m/it --> OT1/ptm/m/it on input line 35.
LaTeX Font Info:    Overwriting math alphabet `\mathit' in version `bold'
(Font)                  OT1/cmr/bx/it --> OT1/ptm/m/it on input line 35.
LaTeX Info: Redefining \hbar on input line 50.
) ("C:\Users\Mathe\AppData\Local\Programs\MiKTeX 2.9\tex/latex/cite\cite.sty"
LaTeX Info: Redefining \cite on input line 302.
LaTeX Info: Redefining \nocite on input line 332.
Package: cite 2015/02/27  v 5.5
) ("C:\Users\Mathe\AppData\Local\Programs\MiKTeX 2.9\tex/latex/caption\caption.sty"
Package: caption 2019/10/18 v3.4a Customizing captions (AR)
 ("C:\Users\Mathe\AppData\Local\Programs\MiKTeX 2.9\tex/latex/caption\caption3.sty"
Package: caption3 2019/09/09 v1.8e caption3 kernel (AR)
Package caption3 Info: TeX engine: e-TeX on input line 64.
\captionmargin=\dimen106
\captionmargin@=\dimen107
\captionwidth=\dimen108
\caption@tempdima=\dimen109
\caption@indent=\dimen110
\caption@parindent=\dimen111
\caption@hangindent=\dimen112
Package caption Info: Standard document class detected.
)
\c@caption@flags=\count115
\c@continuedfloat=\count116
) ("C:\Users\Mathe\AppData\Local\Programs\MiKTeX 2.9\tex/latex/caption\subcaption.sty"
Package: subcaption 2019/09/01 v1.3a Sub-captions (AR)
\c@subfigure=\count117
\c@subtable=\count118
) ("c:/Users\Mathe\Documents\Master Studium\Semester III\Printed Interfaces\project\documentation\doc.aux"

LaTeX Warning: Label `fig:test_shapes' multiply defined.


LaTeX Warning: Label `sub@fig:test_shapes' multiply defined.


LaTeX Warning: Label `fig:ringdesign2' multiply defined.


LaTeX Warning: Label `sub@fig:ringdesign2' multiply defined.


LaTeX Warning: Label `fig:laserCutTests' multiply defined.

)
\openout1 = `doc.aux'.

LaTeX Font Info:    Checking defaults for OML/cmm/m/it on input line 11.
LaTeX Font Info:    ... okay on input line 11.
LaTeX Font Info:    Checking defaults for T1/cmr/m/n on input line 11.
LaTeX Font Info:    ... okay on input line 11.
LaTeX Font Info:    Checking defaults for OT1/cmr/m/n on input line 11.
LaTeX Font Info:    ... okay on input line 11.
LaTeX Font Info:    Checking defaults for OMS/cmsy/m/n on input line 11.
LaTeX Font Info:    ... okay on input line 11.
LaTeX Font Info:    Checking defaults for OMX/cmex/m/n on input line 11.
LaTeX Font Info:    ... okay on input line 11.
LaTeX Font Info:    Checking defaults for U/cmr/m/n on input line 11.
LaTeX Font Info:    ... okay on input line 11.
LaTeX Font Info:    Trying to load font information for OT1+ptm on input line 11.
 ("C:\Users\Mathe\AppData\Local\Programs\MiKTeX 2.9\tex/latex/psnfss\ot1ptm.fd"
File: ot1ptm.fd 2001/06/04 font definitions for OT1/ptm.
) ("C:\Users\Mathe\AppData\Local\Programs\MiKTeX 2.9\tex/latex/fmtcount\fc-english.def"
File: fc-english.def 2016/01/12
) ("C:\Users\Mathe\AppData\Local\Programs\MiKTeX 2.9\tex/context/base/mkii\supp-pdf.mkii"
[Loading MPS to PDF converter (version 2006.09.02).]
\scratchcounter=\count119
\scratchdimen=\dimen113
\scratchbox=\box27
\nofMPsegments=\count120
\nofMParguments=\count121
\everyMPshowfont=\toks19
\MPscratchCnt=\count122
\MPscratchDim=\dimen114
\MPnumerator=\count123
\makeMPintoPDFobject=\count124
\everyMPtoPDFconversion=\toks20
) ("C:\Users\Mathe\AppData\Local\Programs\MiKTeX 2.9\tex/latex/oberdiek\epstopdf-base.sty"
Package: epstopdf-base 2016/05/15 v2.6 Base part for package epstopdf
 ("C:\Users\Mathe\AppData\Local\Programs\MiKTeX 2.9\tex/generic/oberdiek\infwarerr.sty"
Package: infwarerr 2016/05/16 v1.4 Providing info/warning/error messages (HO)
) ("C:\Users\Mathe\AppData\Local\Programs\MiKTeX 2.9\tex/latex/oberdiek\grfext.sty"
Package: grfext 2016/05/16 v1.2 Manage graphics extensions (HO)
 ("C:\Users\Mathe\AppData\Local\Programs\MiKTeX 2.9\tex/generic/oberdiek\kvdefinekeys.sty"
Package: kvdefinekeys 2016/05/16 v1.4 Define keys (HO)
 ("C:\Users\Mathe\AppData\Local\Programs\MiKTeX 2.9\tex/generic/oberdiek\ltxcmds.sty"
Package: ltxcmds 2016/05/16 v1.23 LaTeX kernel commands for general use (HO)
))) ("C:\Users\Mathe\AppData\Local\Programs\MiKTeX 2.9\tex/latex/oberdiek\kvoptions.sty"
Package: kvoptions 2016/05/16 v3.12 Key value format for package options (HO)
 ("C:\Users\Mathe\AppData\Local\Programs\MiKTeX 2.9\tex/generic/oberdiek\kvsetkeys.sty"
Package: kvsetkeys 2016/05/16 v1.17 Key value parser (HO)
 ("C:\Users\Mathe\AppData\Local\Programs\MiKTeX 2.9\tex/generic/oberdiek\etexcmds.sty"
Package: etexcmds 2016/05/16 v1.6 Avoid name clashes with e-TeX commands (HO)
 ("C:\Users\Mathe\AppData\Local\Programs\MiKTeX 2.9\tex/generic/iftex\ifluatex.sty"
Package: ifluatex 2019/10/25 v1.5 ifluatex legacy package. Use iftex instead.
 ("C:\Users\Mathe\AppData\Local\Programs\MiKTeX 2.9\tex/generic/iftex\iftex.sty"
Package: iftex 2019/11/07 v1.0c TeX engine tests
))))) ("C:\Users\Mathe\AppData\Local\Programs\MiKTeX 2.9\tex/generic/oberdiek\pdftexcmds.sty"
Package: pdftexcmds 2019/07/25 v0.30 Utility functions of pdfTeX for LuaTeX (HO)
 ("C:\Users\Mathe\AppData\Local\Programs\MiKTeX 2.9\tex/generic/iftex\ifpdf.sty"
Package: ifpdf 2019/10/25 v3.4 ifpdf legacy package. Use iftex instead.
)
Package pdftexcmds Info: LuaTeX not detected.
Package pdftexcmds Info: \pdf@primitive is available.
Package pdftexcmds Info: \pdf@ifprimitive is available.
Package pdftexcmds Info: \pdfdraftmode found.
)
Package epstopdf-base Info: Redefining graphics rule for `.eps' on input line 441.
Package grfext Info: Graphics extension search list:
(grfext)             [.pdf,.jpeg,.png,.jpg,.eps]
(grfext)             \AppendGraphicsExtensions on input line 459.
)
\big@size=\dimen115
Package caption Info: Begin \AtBeginDocument code.
Package caption Info: End \AtBeginDocument code.
 [1

{C:/Users/Mathe/AppData/Local/MiKTeX/2.9/pdftex/config/pdftex.map}]
LaTeX Font Info:    Font shape `OT1/ptm/bx/n' in size <17.28> not available
(Font)              Font shape `OT1/ptm/b/n' tried instead on input line 41.
 ("c:/Users\Mathe\Documents\Master Studium\Semester III\Printed Interfaces\project\documentation\doc.toc"
LaTeX Font Info:    Font shape `OT1/ptm/bx/n' in size <12> not available
(Font)              Font shape `OT1/ptm/b/n' tried instead on input line 1.
LaTeX Font Info:    Trying to load font information for OT1+ztmcm on input line 4.
 ("C:\Users\Mathe\AppData\Local\Programs\MiKTeX 2.9\tex/latex/psnfss\ot1ztmcm.fd"
File: ot1ztmcm.fd 2000/01/03 Fontinst v1.801 font definitions for OT1/ztmcm.
)
LaTeX Font Info:    Trying to load font information for OML+ztmcm on input line 4.
 ("C:\Users\Mathe\AppData\Local\Programs\MiKTeX 2.9\tex/latex/psnfss\omlztmcm.fd"
File: omlztmcm.fd 2000/01/03 Fontinst v1.801 font definitions for OML/ztmcm.
)
LaTeX Font Info:    Trying to load font information for OMS+ztmcm on input line 4.
 ("C:\Users\Mathe\AppData\Local\Programs\MiKTeX 2.9\tex/latex/psnfss\omsztmcm.fd"
File: omsztmcm.fd 2000/01/03 Fontinst v1.801 font definitions for OMS/ztmcm.
)
LaTeX Font Info:    Trying to load font information for OMX+ztmcm on input line 4.
 ("C:\Users\Mathe\AppData\Local\Programs\MiKTeX 2.9\tex/latex/psnfss\omxztmcm.fd"
File: omxztmcm.fd 2000/01/03 Fontinst v1.801 font definitions for OMX/ztmcm.
)
LaTeX Font Info:    Font shape `OT1/ptm/bx/n' in size <9> not available
(Font)              Font shape `OT1/ptm/b/n' tried instead on input line 4.
LaTeX Font Info:    Font shape `OT1/ptm/bx/n' in size <7> not available
(Font)              Font shape `OT1/ptm/b/n' tried instead on input line 4.
)
\tf@toc=\write3
\openout3 = `doc.toc'.

 [2]
LaTeX Font Info:    Font shape `OT1/ptm/bx/n' in size <10> not available
(Font)              Font shape `OT1/ptm/b/n' tried instead on input line 56.
LaTeX Font Info:    Font shape `OT1/ptm/bx/n' in size <7.4> not available
(Font)              Font shape `OT1/ptm/b/n' tried instead on input line 56.
LaTeX Font Info:    Font shape `OT1/ptm/bx/n' in size <6> not available
(Font)              Font shape `OT1/ptm/b/n' tried instead on input line 56.
LaTeX Font Info:    Font shape `OT1/ptm/bx/n' in size <14.4> not available
(Font)              Font shape `OT1/ptm/b/n' tried instead on input line 74.

Underfull \vbox (badness 10000) has occurred while \output is active []

 [3]
<images/projectideas/bracelt.png, id=13, 278.03876pt x 484.81125pt>
File: images/projectideas/bracelt.png Graphic file (type png)
<use images/projectideas/bracelt.png>
Package pdftex.def Info: images/projectideas/bracelt.png  used on input line 87.
(pdftex.def)             Requested size: 111.21352pt x 193.92105pt.
<images/projectideas/jacket.png, id=15, 637.38126pt x 637.38126pt>
File: images/projectideas/jacket.png Graphic file (type png)
<use images/projectideas/jacket.png>
Package pdftex.def Info: images/projectideas/jacket.png  used on input line 101.
(pdftex.def)             Requested size: 127.47398pt x 127.47398pt.


LaTeX Warning: `!h' float specifier changed to `!ht'.

[4 <c:/Users/Mathe/Documents/Master Studium/Semester III/Printed Interfaces/project/documentation/images/projectideas/bracelt.png>]
<images/projectideas/blossomLamp.png, id=20, 323.2075pt x 323.2075pt>
File: images/projectideas/blossomLamp.png Graphic file (type png)
<use images/projectideas/blossomLamp.png>
Package pdftex.def Info: images/projectideas/blossomLamp.png  used on input line 118.
(pdftex.def)             Requested size: 129.2807pt x 129.2807pt.


LaTeX Warning: Citation `autodeskFusion360' on page 5 undefined on input line 127.

[5 <c:/Users/Mathe/Documents/Master Studium/Semester III/Printed Interfaces/project/documentation/images/projectideas/jacket.png> <c:/Users/Mathe/Documents/Master Studium/Semester III/Printed Interfaces/project/documentation/images/projectideas/blossomLamp.png>]
<images/process/FlowerLamp.png, id=26, 1284.8pt x 1027.84pt>
File: images/process/FlowerLamp.png Graphic file (type png)
<use images/process/FlowerLamp.png>
Package pdftex.def Info: images/process/FlowerLamp.png  used on input line 143.
(pdftex.def)             Requested size: 385.44298pt x 308.35437pt.

Underfull \vbox (badness 6428) has occurred while \output is active []

 [6 <c:/Users/Mathe/Documents/Master Studium/Semester III/Printed Interfaces/project/documentation/images/process/FlowerLamp.png>]
<images/process/base.jpg, id=31, 3193.9325pt x 2443.1275pt>
File: images/process/base.jpg Graphic file (type jpg)
<use images/process/base.jpg>
Package pdftex.def Info: images/process/base.jpg  used on input line 159.
(pdftex.def)             Requested size: 319.41196pt x 244.32706pt.


LaTeX Warning: Citation `illustrator' on page 7 undefined on input line 165.

<images/process/test_shapes.PNG, id=32, 533.49312pt x 285.56688pt>
File: images/process/test_shapes.PNG Graphic file (type png)
<use images/process/test_shapes.PNG>
Package pdftex.def Info: images/process/test_shapes.PNG  used on input line 173.
(pdftex.def)             Requested size: 156.0006pt x 83.50073pt.
<images/process/laserCutTests.jpg, id=33, 3042.36626pt x 803.0pt>
File: images/process/laserCutTests.jpg Graphic file (type jpg)
<use images/process/laserCutTests.jpg>
Package pdftex.def Info: images/process/laserCutTests.jpg  used on input line 179.
(pdftex.def)             Requested size: 156.0006pt x 41.16933pt.
File: images/process/test_shapes.PNG Graphic file (type png)
<use images/process/test_shapes.PNG>
Package pdftex.def Info: images/process/test_shapes.PNG  used on input line 194.
(pdftex.def)             Requested size: 156.0006pt x 83.50073pt.
File: images/process/laserCutTests.jpg Graphic file (type jpg)
<use images/process/laserCutTests.jpg>
Package pdftex.def Info: images/process/laserCutTests.jpg  used on input line 200.
(pdftex.def)             Requested size: 156.0006pt x 41.16933pt.
[7 <c:/Users/Mathe/Documents/Master Studium/Semester III/Printed Interfaces/project/documentation/images/process/base.jpg>] [8 <c:/Users/Mathe/Documents/Master Studium/Semester III/Printed Interfaces/project/documentation/images/process/test_shapes.PNG> <c:/Users/Mathe/Documents/Master Studium/Semester III/Printed Interfaces/project/documentation/images/process/laserCutTests.jpg>]
No file doc.bbl.
[9] ("c:/Users\Mathe\Documents\Master Studium\Semester III\Printed Interfaces\project\documentation\doc.aux")

LaTeX Warning: There were undefined references.


LaTeX Warning: There were multiply-defined labels.

 ) 
Here is how much of TeX's memory you used:
 4247 strings out of 492450
 67961 string characters out of 3120004
 145421 words of memory out of 3000000
 8523 multiletter control sequences out of 15000+200000
 35081 words of font info for 70 fonts, out of 3000000 for 9000
 1141 hyphenation exceptions out of 8191
 55i,8n,96p,1149b,510s stack positions out of 5000i,500n,10000p,200000b,50000s
{C:/Users/Mathe/AppData/Local/Programs/MiKTeX 2.9/fonts/enc/dvips/base/8r.enc}<C:/Users/Mathe/AppData/Local/Programs/MiKTeX 2.9/fonts/type1/urw/times/utmb8a.pfb><C:/Users/Mathe/AppData/Local/Programs/MiKTeX 2.9/fonts/type1/urw/times/utmr8a.pfb>
Output written on "c:/Users\Mathe\Documents\Master Studium\Semester III\Printed Interfaces\project\documentation\doc.pdf" (9 pages, 2795098 bytes).
PDF statistics:
 54 PDF objects out of 1000 (max. 8388607)
 0 named destinations out of 1000 (max. 500000)
 36 words of extra memory for PDF output out of 10000 (max. 10000000)

